<?xml version="1.0" encoding="UTF-8"?>
<testsuite xmlns:xsi="http://www.w3.org/2001/XMLSchema-instance" xsi:noNamespaceSchemaLocation="https://maven.apache.org/surefire/maven-surefire-plugin/xsd/surefire-test-report.xsd" name="br.com.restassuredapitesting.runners.Acceptance" time="55.793" tests="12" errors="0" skipped="0" failures="0">
  <properties>
[...]
</properties>
  <testcase name="validarReservaComFiltroFirstname" classname="br.com.restassuredapitesting.tests.booking.tests.GetBookingTest" time="9.966"/>
  <testcase name="validarIdsDasReservas" classname="br.com.restassuredapitesting.tests.booking.tests.GetBookingTest" time="5.859"/>
  <testcase name="validarReservaComFiltroCheckout" classname="br.com.restassuredapitesting.tests.booking.tests.GetBookingTest" time="2.433"/>
  <testcase name="validarReservaComFiltroCheckinCheckout" classname="br.com.restassuredapitesting.tests.booking.tests.GetBookingTest" time="2.962"/>
  <testcase name="validarReservaEspecifica" classname="br.com.restassuredapitesting.tests.booking.tests.GetBookingTest" time="6.549"/>
  <testcase name="validarReservaComFiltroLastname" classname="br.com.restassuredapitesting.tests.booking.tests.GetBookingTest" time="2.552"/>
  <testcase name="validarReservaComFiltroNomeCheckinCheckout" classname="br.com.restassuredapitesting.tests.booking.tests.GetBookingTest" time="4.775"/>
  <testcase name="validarReservaComFiltroCheckin" classname="br.com.restassuredapitesting.tests.booking.tests.GetBookingTest" time="7.492"/>
  <testcase name="excluiReserva" classname="br.com.restassuredapitesting.tests.booking.tests.DeleteBookingTest" time="2.738"/>
  <testcase name="validarAlterarUmaReservaUtilizandoToken" classname="br.com.restassuredapitesting.tests.booking.tests.PutBookingTest" time="7.279"/>
  <testcase name="validarAlterarUmaReservaUtilizandoBasicAuth" classname="br.com.restassuredapitesting.tests.booking.tests.PutBookingTest" time="1.402"/>
  <testcase name="criaReserva" classname="br.com.restassuredapitesting.tests.booking.tests.PostBookingTest" time="0.741"/>
</testsuite>